<?xml version="1.0" encoding="utf-8"?><testsuites><testsuite errors="0" failures="0" hostname="F2ZGW33" name="pytest" skipped="2" tests="3" time="0.108" timestamp="2020-12-07T14:07:36.848943"><testcase classname="test_compare" file="test_compare.py" line="2" name="test_greater" time="0.001"><skipped message="" type="pytest.xfail"></skipped></testcase><testcase classname="test_compare" file="test_compare.py" line="8" name="test_greater_equal" time="0.001"></testcase><testcase classname="test_compare" file="test_compare.py" line="14" name="test_less" time="0.000"><skipped message="unconditional skip" type="pytest.skip">C:\Users\112233\eclipse-workspace\Automation\test_compare.py:15: unconditional skip</skipped></testcase></testsuite></testsuites>